<?xml version="1.0" encoding="UTF-8"?>
<testsuite name="kafka.producer.ProducerApplicationTests" tests="1" skipped="0" failures="0" errors="0" timestamp="2022-11-20T09:52:46" hostname="WooChan-MacBook-Pro.local" time="0.525">
  <properties/>
  <testcase name="contextLoads()" classname="kafka.producer.ProducerApplicationTests" time="0.525"/>
  <system-out><![CDATA[18:52:43.889 [Test worker] DEBUG org.springframework.test.context.BootstrapUtils - Instantiating CacheAwareContextLoaderDelegate from class [org.springframework.test.context.cache.DefaultCacheAwareContextLoaderDelegate]
18:52:43.902 [Test worker] DEBUG org.springframework.test.context.BootstrapUtils - Instantiating BootstrapContext using constructor [public org.springframework.test.context.support.DefaultBootstrapContext(java.lang.Class,org.springframework.test.context.CacheAwareContextLoaderDelegate)]
18:52:43.939 [Test worker] DEBUG org.springframework.test.context.BootstrapUtils - Instantiating TestContextBootstrapper for test class [kafka.producer.ProducerApplicationTests] from class [org.springframework.boot.test.context.SpringBootTestContextBootstrapper]
18:52:43.952 [Test worker] INFO org.springframework.boot.test.context.SpringBootTestContextBootstrapper - Neither @ContextConfiguration nor @ContextHierarchy found for test class [kafka.producer.ProducerApplicationTests], using SpringBootContextLoader
18:52:43.956 [Test worker] DEBUG org.springframework.test.context.support.AbstractContextLoader - Did not detect default resource location for test class [kafka.producer.ProducerApplicationTests]: class path resource [kafka/producer/ProducerApplicationTests-context.xml] does not exist
18:52:43.957 [Test worker] DEBUG org.springframework.test.context.support.AbstractContextLoader - Did not detect default resource location for test class [kafka.producer.ProducerApplicationTests]: class path resource [kafka/producer/ProducerApplicationTestsContext.groovy] does not exist
18:52:43.957 [Test worker] INFO org.springframework.test.context.support.AbstractContextLoader - Could not detect default resource locations for test class [kafka.producer.ProducerApplicationTests]: no resource found for suffixes {-context.xml, Context.groovy}.
18:52:43.958 [Test worker] INFO org.springframework.test.context.support.AnnotationConfigContextLoaderUtils - Could not detect default configuration classes for test class [kafka.producer.ProducerApplicationTests]: ProducerApplicationTests does not declare any static, non-private, non-final, nested classes annotated with @Configuration.
18:52:44.010 [Test worker] DEBUG org.springframework.test.context.support.ActiveProfilesUtils - Could not find an 'annotation declaring class' for annotation type [org.springframework.test.context.ActiveProfiles] and class [kafka.producer.ProducerApplicationTests]
18:52:44.078 [Test worker] DEBUG org.springframework.context.annotation.ClassPathScanningCandidateComponentProvider - Identified candidate component class: file [/Users/woochanlim/Desktop/yBigta/senior project/EC2/EC2-Dashboard/producer/producer/build/classes/java/main/kafka/producer/ProducerApplication.class]
18:52:44.079 [Test worker] INFO org.springframework.boot.test.context.SpringBootTestContextBootstrapper - Found @SpringBootConfiguration kafka.producer.ProducerApplication for test class kafka.producer.ProducerApplicationTests
18:52:44.169 [Test worker] DEBUG org.springframework.boot.test.context.SpringBootTestContextBootstrapper - @TestExecutionListeners is not present for class [kafka.producer.ProducerApplicationTests]: using defaults.
18:52:44.170 [Test worker] INFO org.springframework.boot.test.context.SpringBootTestContextBootstrapper - Loaded default TestExecutionListener class names from location [META-INF/spring.factories]: [org.springframework.boot.test.autoconfigure.restdocs.RestDocsTestExecutionListener, org.springframework.boot.test.autoconfigure.web.client.MockRestServiceServerResetTestExecutionListener, org.springframework.boot.test.autoconfigure.web.servlet.MockMvcPrintOnlyOnFailureTestExecutionListener, org.springframework.boot.test.autoconfigure.web.servlet.WebDriverTestExecutionListener, org.springframework.boot.test.autoconfigure.webservices.client.MockWebServiceServerTestExecutionListener, org.springframework.boot.test.mock.mockito.MockitoTestExecutionListener, org.springframework.boot.test.mock.mockito.ResetMocksTestExecutionListener, org.springframework.test.context.web.ServletTestExecutionListener, org.springframework.test.context.support.DirtiesContextBeforeModesTestExecutionListener, org.springframework.test.context.event.ApplicationEventsTestExecutionListener, org.springframework.test.context.support.DependencyInjectionTestExecutionListener, org.springframework.test.context.support.DirtiesContextTestExecutionListener, org.springframework.test.context.transaction.TransactionalTestExecutionListener, org.springframework.test.context.jdbc.SqlScriptsTestExecutionListener, org.springframework.test.context.event.EventPublishingTestExecutionListener]
18:52:44.191 [Test worker] INFO org.springframework.boot.test.context.SpringBootTestContextBootstrapper - Using TestExecutionListeners: [org.springframework.test.context.web.ServletTestExecutionListener@a4b2d8f, org.springframework.test.context.support.DirtiesContextBeforeModesTestExecutionListener@dcfda20, org.springframework.test.context.event.ApplicationEventsTestExecutionListener@6d304f9d, org.springframework.boot.test.mock.mockito.MockitoTestExecutionListener@f73dcd6, org.springframework.boot.test.autoconfigure.SpringBootDependencyInjectionTestExecutionListener@5c87bfe2, org.springframework.test.context.support.DirtiesContextTestExecutionListener@2fea7088, org.springframework.test.context.transaction.TransactionalTestExecutionListener@40499e4f, org.springframework.test.context.jdbc.SqlScriptsTestExecutionListener@51cd7ffc, org.springframework.test.context.event.EventPublishingTestExecutionListener@30d4b288, org.springframework.boot.test.autoconfigure.restdocs.RestDocsTestExecutionListener@4cc6fa2a, org.springframework.boot.test.autoconfigure.web.client.MockRestServiceServerResetTestExecutionListener@40f1be1b, org.springframework.boot.test.autoconfigure.web.servlet.MockMvcPrintOnlyOnFailureTestExecutionListener@7a791b66, org.springframework.boot.test.autoconfigure.web.servlet.WebDriverTestExecutionListener@6f2cb653, org.springframework.boot.test.autoconfigure.webservices.client.MockWebServiceServerTestExecutionListener@14c01636, org.springframework.boot.test.mock.mockito.ResetMocksTestExecutionListener@590c73d3]
18:52:44.194 [Test worker] DEBUG org.springframework.test.context.support.AbstractDirtiesContextTestExecutionListener - Before test class: context [DefaultTestContext@12bfd80d testClass = ProducerApplicationTests, testInstance = [null], testMethod = [null], testException = [null], mergedContextConfiguration = [WebMergedContextConfiguration@41925502 testClass = ProducerApplicationTests, locations = '{}', classes = '{class kafka.producer.ProducerApplication}', contextInitializerClasses = '[]', activeProfiles = '{}', propertySourceLocations = '{}', propertySourceProperties = '{org.springframework.boot.test.context.SpringBootTestContextBootstrapper=true}', contextCustomizers = set[org.springframework.boot.test.autoconfigure.actuate.metrics.MetricsExportContextCustomizerFactory$DisableMetricExportContextCustomizer@7922d892, org.springframework.boot.test.autoconfigure.properties.PropertyMappingContextCustomizer@0, org.springframework.boot.test.autoconfigure.web.servlet.WebDriverContextCustomizerFactory$Customizer@12d2ce03, org.springframework.boot.test.context.filter.ExcludeFilterContextCustomizer@1984b1f, org.springframework.boot.test.json.DuplicateJsonObjectContextCustomizerFactory$DuplicateJsonObjectContextCustomizer@6d167f58, org.springframework.boot.test.mock.mockito.MockitoContextCustomizer@0, org.springframework.boot.test.web.client.TestRestTemplateContextCustomizer@172b013, org.springframework.boot.test.context.SpringBootTestArgs@1, org.springframework.boot.test.context.SpringBootTestWebEnvironment@10aa41f2], resourceBasePath = 'src/main/webapp', contextLoader = 'org.springframework.boot.test.context.SpringBootContextLoader', parent = [null]], attributes = map['org.springframework.test.context.web.ServletTestExecutionListener.activateListener' -> true]], class annotated with @DirtiesContext [false] with mode [null].

  .   ____          _            __ _ _
 /\\ / ___'_ __ _ _(_)_ __  __ _ \ \ \ \
( ( )\___ | '_ | '_| | '_ \/ _` | \ \ \ \
 \\/  ___)| |_)| | | | | || (_| |  ) ) ) )
  '  |____| .__|_| |_|_| |_\__, | / / / /
 =========|_|==============|___/=/_/_/_/
 :: Spring Boot ::                (v2.7.4)

2022-11-20 18:52:44.527  INFO 8026 --- [    Test worker] kafka.producer.ProducerApplicationTests  : Starting ProducerApplicationTests using Java 18.0.2 on WooChan-MacBook-Pro.local with PID 8026 (started by woochanlim in /Users/woochanlim/Desktop/yBigta/senior project/EC2/EC2-Dashboard/producer/producer)
2022-11-20 18:52:44.529  INFO 8026 --- [    Test worker] kafka.producer.ProducerApplicationTests  : No active profile set, falling back to 1 default profile: "default"
2022-11-20 18:52:46.206  INFO 8026 --- [    Test worker] kafka.producer.ProducerApplicationTests  : Started ProducerApplicationTests in 1.971 seconds (JVM running for 3.272)
]]></system-out>
  <system-err><![CDATA[]]></system-err>
</testsuite>
