<?xml version="1.0" encoding="UTF-8"?>
<testsuite name="kafka.producer.ProducerApplicationTests" tests="1" skipped="0" failures="0" errors="0" timestamp="2022-11-14T14:49:31" hostname="ijong-geun-ui-MacBookPro.local" time="0.181">
  <properties/>
  <testcase name="contextLoads()" classname="kafka.producer.ProducerApplicationTests" time="0.181"/>
  <system-out><![CDATA[23:49:30.275 [Test worker] DEBUG org.springframework.test.context.BootstrapUtils - Instantiating CacheAwareContextLoaderDelegate from class [org.springframework.test.context.cache.DefaultCacheAwareContextLoaderDelegate]
23:49:30.280 [Test worker] DEBUG org.springframework.test.context.BootstrapUtils - Instantiating BootstrapContext using constructor [public org.springframework.test.context.support.DefaultBootstrapContext(java.lang.Class,org.springframework.test.context.CacheAwareContextLoaderDelegate)]
23:49:30.293 [Test worker] DEBUG org.springframework.test.context.BootstrapUtils - Instantiating TestContextBootstrapper for test class [kafka.producer.ProducerApplicationTests] from class [org.springframework.boot.test.context.SpringBootTestContextBootstrapper]
23:49:30.298 [Test worker] INFO org.springframework.boot.test.context.SpringBootTestContextBootstrapper - Neither @ContextConfiguration nor @ContextHierarchy found for test class [kafka.producer.ProducerApplicationTests], using SpringBootContextLoader
23:49:30.299 [Test worker] DEBUG org.springframework.test.context.support.AbstractContextLoader - Did not detect default resource location for test class [kafka.producer.ProducerApplicationTests]: class path resource [kafka/producer/ProducerApplicationTests-context.xml] does not exist
23:49:30.299 [Test worker] DEBUG org.springframework.test.context.support.AbstractContextLoader - Did not detect default resource location for test class [kafka.producer.ProducerApplicationTests]: class path resource [kafka/producer/ProducerApplicationTestsContext.groovy] does not exist
23:49:30.299 [Test worker] INFO org.springframework.test.context.support.AbstractContextLoader - Could not detect default resource locations for test class [kafka.producer.ProducerApplicationTests]: no resource found for suffixes {-context.xml, Context.groovy}.
23:49:30.299 [Test worker] INFO org.springframework.test.context.support.AnnotationConfigContextLoaderUtils - Could not detect default configuration classes for test class [kafka.producer.ProducerApplicationTests]: ProducerApplicationTests does not declare any static, non-private, non-final, nested classes annotated with @Configuration.
23:49:30.315 [Test worker] DEBUG org.springframework.test.context.support.ActiveProfilesUtils - Could not find an 'annotation declaring class' for annotation type [org.springframework.test.context.ActiveProfiles] and class [kafka.producer.ProducerApplicationTests]
23:49:30.335 [Test worker] DEBUG org.springframework.context.annotation.ClassPathScanningCandidateComponentProvider - Identified candidate component class: file [/Users/jonggeun/Desktop/EC2-Dashboard/producer/producer/build/classes/java/main/kafka/producer/ProducerApplication.class]
23:49:30.335 [Test worker] INFO org.springframework.boot.test.context.SpringBootTestContextBootstrapper - Found @SpringBootConfiguration kafka.producer.ProducerApplication for test class kafka.producer.ProducerApplicationTests
23:49:30.373 [Test worker] DEBUG org.springframework.boot.test.context.SpringBootTestContextBootstrapper - @TestExecutionListeners is not present for class [kafka.producer.ProducerApplicationTests]: using defaults.
23:49:30.373 [Test worker] INFO org.springframework.boot.test.context.SpringBootTestContextBootstrapper - Loaded default TestExecutionListener class names from location [META-INF/spring.factories]: [org.springframework.boot.test.autoconfigure.restdocs.RestDocsTestExecutionListener, org.springframework.boot.test.autoconfigure.web.client.MockRestServiceServerResetTestExecutionListener, org.springframework.boot.test.autoconfigure.web.servlet.MockMvcPrintOnlyOnFailureTestExecutionListener, org.springframework.boot.test.autoconfigure.web.servlet.WebDriverTestExecutionListener, org.springframework.boot.test.autoconfigure.webservices.client.MockWebServiceServerTestExecutionListener, org.springframework.boot.test.mock.mockito.MockitoTestExecutionListener, org.springframework.boot.test.mock.mockito.ResetMocksTestExecutionListener, org.springframework.test.context.web.ServletTestExecutionListener, org.springframework.test.context.support.DirtiesContextBeforeModesTestExecutionListener, org.springframework.test.context.event.ApplicationEventsTestExecutionListener, org.springframework.test.context.support.DependencyInjectionTestExecutionListener, org.springframework.test.context.support.DirtiesContextTestExecutionListener, org.springframework.test.context.transaction.TransactionalTestExecutionListener, org.springframework.test.context.jdbc.SqlScriptsTestExecutionListener, org.springframework.test.context.event.EventPublishingTestExecutionListener]
23:49:30.381 [Test worker] INFO org.springframework.boot.test.context.SpringBootTestContextBootstrapper - Using TestExecutionListeners: [org.springframework.test.context.web.ServletTestExecutionListener@40499e4f, org.springframework.test.context.support.DirtiesContextBeforeModesTestExecutionListener@51cd7ffc, org.springframework.test.context.event.ApplicationEventsTestExecutionListener@30d4b288, org.springframework.boot.test.mock.mockito.MockitoTestExecutionListener@4cc6fa2a, org.springframework.boot.test.autoconfigure.SpringBootDependencyInjectionTestExecutionListener@40f1be1b, org.springframework.test.context.support.DirtiesContextTestExecutionListener@7a791b66, org.springframework.test.context.transaction.TransactionalTestExecutionListener@6f2cb653, org.springframework.test.context.jdbc.SqlScriptsTestExecutionListener@14c01636, org.springframework.test.context.event.EventPublishingTestExecutionListener@590c73d3, org.springframework.boot.test.autoconfigure.restdocs.RestDocsTestExecutionListener@6b9ce1bf, org.springframework.boot.test.autoconfigure.web.client.MockRestServiceServerResetTestExecutionListener@61884cb1, org.springframework.boot.test.autoconfigure.web.servlet.MockMvcPrintOnlyOnFailureTestExecutionListener@75ed9710, org.springframework.boot.test.autoconfigure.web.servlet.WebDriverTestExecutionListener@4fc5e095, org.springframework.boot.test.autoconfigure.webservices.client.MockWebServiceServerTestExecutionListener@435871cb, org.springframework.boot.test.mock.mockito.ResetMocksTestExecutionListener@609640d5]
23:49:30.382 [Test worker] DEBUG org.springframework.test.context.support.AbstractDirtiesContextTestExecutionListener - Before test class: context [DefaultTestContext@618c5d94 testClass = ProducerApplicationTests, testInstance = [null], testMethod = [null], testException = [null], mergedContextConfiguration = [WebMergedContextConfiguration@5b40ceb testClass = ProducerApplicationTests, locations = '{}', classes = '{class kafka.producer.ProducerApplication}', contextInitializerClasses = '[]', activeProfiles = '{}', propertySourceLocations = '{}', propertySourceProperties = '{org.springframework.boot.test.context.SpringBootTestContextBootstrapper=true}', contextCustomizers = set[org.springframework.boot.test.autoconfigure.actuate.metrics.MetricsExportContextCustomizerFactory$DisableMetricExportContextCustomizer@51549490, org.springframework.boot.test.autoconfigure.properties.PropertyMappingContextCustomizer@0, org.springframework.boot.test.autoconfigure.web.servlet.WebDriverContextCustomizerFactory$Customizer@3bd323e9, org.springframework.boot.test.context.filter.ExcludeFilterContextCustomizer@3403e2ac, org.springframework.boot.test.json.DuplicateJsonObjectContextCustomizerFactory$DuplicateJsonObjectContextCustomizer@74bf1791, org.springframework.boot.test.mock.mockito.MockitoContextCustomizer@0, org.springframework.boot.test.web.client.TestRestTemplateContextCustomizer@62010f5c, org.springframework.boot.test.context.SpringBootTestArgs@1, org.springframework.boot.test.context.SpringBootTestWebEnvironment@31f9b85e], resourceBasePath = 'src/main/webapp', contextLoader = 'org.springframework.boot.test.context.SpringBootContextLoader', parent = [null]], attributes = map['org.springframework.test.context.web.ServletTestExecutionListener.activateListener' -> true]], class annotated with @DirtiesContext [false] with mode [null].

  .   ____          _            __ _ _
 /\\ / ___'_ __ _ _(_)_ __  __ _ \ \ \ \
( ( )\___ | '_ | '_| | '_ \/ _` | \ \ \ \
 \\/  ___)| |_)| | | | | || (_| |  ) ) ) )
  '  |____| .__|_| |_|_| |_\__, | / / / /
 =========|_|==============|___/=/_/_/_/
 :: Spring Boot ::                (v2.7.4)

2022-11-14 23:49:30.494  INFO 8825 --- [    Test worker] kafka.producer.ProducerApplicationTests  : Starting ProducerApplicationTests using Java 18.0.1 on ijong-geun-ui-MacBookPro.local with PID 8825 (started by jonggeun in /Users/jonggeun/Desktop/EC2-Dashboard/producer/producer)
2022-11-14 23:49:30.494  INFO 8825 --- [    Test worker] kafka.producer.ProducerApplicationTests  : No active profile set, falling back to 1 default profile: "default"
2022-11-14 23:49:31.108  INFO 8825 --- [    Test worker] kafka.producer.ProducerApplicationTests  : Started ProducerApplicationTests in 0.711 seconds (JVM running for 1.177)
]]></system-out>
  <system-err><![CDATA[]]></system-err>
</testsuite>
